20:53 10-01-2021-INFO -com.bank.main.bankMainFunctions:Welcome to Jason's Bank app V1.0
20:53 10-01-2021-INFO -com.bank.main.bankMainFunctions:Log In Menu
20:53 10-01-2021-INFO -com.bank.main.bankMainFunctions:---------------------------------------
20:53 10-01-2021-INFO -com.bank.main.bankMainFunctions:

20:53 10-01-2021-INFO -com.bank.main.bankMainFunctions:1) Log in as Employee
20:53 10-01-2021-INFO -com.bank.main.bankMainFunctions:2) Log in as Customer
20:53 10-01-2021-INFO -com.bank.main.bankMainFunctions:3) Exit bank app
20:53 10-01-2021-INFO -com.bank.main.bankMainFunctions:Please enter your user ID:
20:53 10-01-2021-INFO -com.bank.main.bankMainFunctions:Welcome to Jason's Bank app V1.0
20:53 10-01-2021-INFO -com.bank.main.bankMainFunctions:Log In Menu
20:53 10-01-2021-INFO -com.bank.main.bankMainFunctions:---------------------------------------
20:53 10-01-2021-INFO -com.bank.main.bankMainFunctions:

20:53 10-01-2021-INFO -com.bank.main.bankMainFunctions:1) Log in as Employee
20:53 10-01-2021-INFO -com.bank.main.bankMainFunctions:2) Log in as Customer
20:53 10-01-2021-INFO -com.bank.main.bankMainFunctions:3) Exit bank app
20:53 10-01-2021-INFO -com.bank.main.bankMainFunctions:Welcome to Jason's Bank app V1.0
20:53 10-01-2021-INFO -com.bank.main.bankMainFunctions:Log In Menu
20:53 10-01-2021-INFO -com.bank.main.bankMainFunctions:---------------------------------------
20:53 10-01-2021-INFO -com.bank.main.bankMainFunctions:

20:53 10-01-2021-INFO -com.bank.main.bankMainFunctions:1) Log in as Employee
20:53 10-01-2021-INFO -com.bank.main.bankMainFunctions:2) Log in as Customer
20:53 10-01-2021-INFO -com.bank.main.bankMainFunctions:3) Exit bank app
20:53 10-01-2021-INFO -com.bank.main.bankMainFunctions:Welcome to Jason's Bank app V1.0
20:53 10-01-2021-INFO -com.bank.main.bankMainFunctions:Log In Menu
20:53 10-01-2021-INFO -com.bank.main.bankMainFunctions:---------------------------------------
20:53 10-01-2021-INFO -com.bank.main.bankMainFunctions:

20:53 10-01-2021-INFO -com.bank.main.bankMainFunctions:1) Log in as Employee
20:53 10-01-2021-INFO -com.bank.main.bankMainFunctions:2) Log in as Customer
20:53 10-01-2021-INFO -com.bank.main.bankMainFunctions:3) Exit bank app
20:54 10-01-2021-INFO -com.bank.main.bankMainFunctions:Welcome to Jason's Bank app V1.0
20:54 10-01-2021-INFO -com.bank.main.bankMainFunctions:Log In Menu
20:54 10-01-2021-INFO -com.bank.main.bankMainFunctions:---------------------------------------
20:54 10-01-2021-INFO -com.bank.main.bankMainFunctions:

20:54 10-01-2021-INFO -com.bank.main.bankMainFunctions:1) Log in as Employee
20:54 10-01-2021-INFO -com.bank.main.bankMainFunctions:2) Log in as Customer
20:54 10-01-2021-INFO -com.bank.main.bankMainFunctions:3) Exit bank app
20:54 10-01-2021-INFO -com.bank.main.bankMainFunctions:Please enter your user ID:
20:54 10-01-2021-INFO -com.bank.main.bankMainFunctions:Welcome to Jason's Bank app V1.0
20:54 10-01-2021-INFO -com.bank.main.bankMainFunctions:Log In Menu
20:54 10-01-2021-INFO -com.bank.main.bankMainFunctions:---------------------------------------
20:54 10-01-2021-INFO -com.bank.main.bankMainFunctions:

20:54 10-01-2021-INFO -com.bank.main.bankMainFunctions:1) Log in as Employee
20:54 10-01-2021-INFO -com.bank.main.bankMainFunctions:2) Log in as Customer
20:54 10-01-2021-INFO -com.bank.main.bankMainFunctions:3) Exit bank app
20:57 10-01-2021-INFO -com.bank.main.bankMainFunctions:Welcome to Jason's Bank app V1.0
20:57 10-01-2021-INFO -com.bank.main.bankMainFunctions:Log In Menu
20:57 10-01-2021-INFO -com.bank.main.bankMainFunctions:---------------------------------------
20:57 10-01-2021-INFO -com.bank.main.bankMainFunctions:

20:57 10-01-2021-INFO -com.bank.main.bankMainFunctions:1) Log in as Employee
20:57 10-01-2021-INFO -com.bank.main.bankMainFunctions:2) Log in as Customer
20:57 10-01-2021-INFO -com.bank.main.bankMainFunctions:3) Exit bank app
20:57 10-01-2021-INFO -com.bank.main.bankMainFunctions:Please enter your username:
20:57 10-01-2021-INFO -com.bank.main.bankMainFunctions:Please enter your password:
20:57 10-01-2021-INFO -com.bank.main.bankMainFunctions:Successfully Logged In As Customer! 
20:57 10-01-2021-INFO -com.bank.main.bankMainFunctions:
20:57 10-01-2021-INFO -com.bank.main.bankMainFunctions:Your user ID is: 1001
20:57 10-01-2021-INFO -com.bank.main.bankMain:Customer Menu
20:57 10-01-2021-INFO -com.bank.main.bankMain:--------------------------------------------
20:57 10-01-2021-INFO -com.bank.main.bankMain:1)New Customer Menu
20:57 10-01-2021-INFO -com.bank.main.bankMain:2)View Balance of specified account
20:57 10-01-2021-INFO -com.bank.main.bankMain:3)Withdraw
20:57 10-01-2021-INFO -com.bank.main.bankMain:4)Deposit
20:57 10-01-2021-INFO -com.bank.main.bankMain:5)Transfer Funds
20:57 10-01-2021-INFO -com.bank.main.bankMain:6)View Transactions
20:57 10-01-2021-INFO -com.bank.main.bankMain:7)Exit
20:58 10-01-2021-INFO -com.bank.main.bankMain:Customer Menu
20:58 10-01-2021-INFO -com.bank.main.bankMain:--------------------------------------------
20:58 10-01-2021-INFO -com.bank.main.bankMain:1)New Customer Menu
20:58 10-01-2021-INFO -com.bank.main.bankMain:2)View Balance of specified account
20:58 10-01-2021-INFO -com.bank.main.bankMain:3)Withdraw
20:58 10-01-2021-INFO -com.bank.main.bankMain:4)Deposit
20:58 10-01-2021-INFO -com.bank.main.bankMain:5)Transfer Funds
20:58 10-01-2021-INFO -com.bank.main.bankMain:6)View Transactions
20:58 10-01-2021-INFO -com.bank.main.bankMain:7)Exit
20:58 10-01-2021-INFO -com.bank.main.bankMain:5) Under construction
20:59 10-01-2021-INFO -com.bank.main.bankMainFunctions:Welcome to Jason's Bank app V1.0
20:59 10-01-2021-INFO -com.bank.main.bankMainFunctions:Log In Menu
20:59 10-01-2021-INFO -com.bank.main.bankMainFunctions:---------------------------------------
20:59 10-01-2021-INFO -com.bank.main.bankMainFunctions:

20:59 10-01-2021-INFO -com.bank.main.bankMainFunctions:1) Log in as Employee
20:59 10-01-2021-INFO -com.bank.main.bankMainFunctions:2) Log in as Customer
20:59 10-01-2021-INFO -com.bank.main.bankMainFunctions:3) Exit bank app
20:59 10-01-2021-INFO -com.bank.main.bankMainFunctions:Welcome to Jason's Bank app V1.0
20:59 10-01-2021-INFO -com.bank.main.bankMainFunctions:Log In Menu
20:59 10-01-2021-INFO -com.bank.main.bankMainFunctions:---------------------------------------
20:59 10-01-2021-INFO -com.bank.main.bankMainFunctions:

20:59 10-01-2021-INFO -com.bank.main.bankMainFunctions:1) Log in as Employee
20:59 10-01-2021-INFO -com.bank.main.bankMainFunctions:2) Log in as Customer
20:59 10-01-2021-INFO -com.bank.main.bankMainFunctions:3) Exit bank app
20:59 10-01-2021-INFO -com.bank.main.bankMainFunctions:Please enter your username:
20:59 10-01-2021-INFO -com.bank.main.bankMainFunctions:Please enter your password:
20:59 10-01-2021-INFO -com.bank.main.bankMainFunctions:Successfully Logged In As Customer! 
20:59 10-01-2021-INFO -com.bank.main.bankMainFunctions:
20:59 10-01-2021-INFO -com.bank.main.bankMainFunctions:Your user ID is: 1001
20:59 10-01-2021-INFO -com.bank.main.bankMain:Customer Menu
20:59 10-01-2021-INFO -com.bank.main.bankMain:--------------------------------------------
20:59 10-01-2021-INFO -com.bank.main.bankMain:1)New Customer Menu
20:59 10-01-2021-INFO -com.bank.main.bankMain:2)View Balance of specified account
20:59 10-01-2021-INFO -com.bank.main.bankMain:3)Withdraw
20:59 10-01-2021-INFO -com.bank.main.bankMain:4)Deposit
20:59 10-01-2021-INFO -com.bank.main.bankMain:5)Transfer Funds
20:59 10-01-2021-INFO -com.bank.main.bankMain:6)View Transactions
20:59 10-01-2021-INFO -com.bank.main.bankMain:7)Exit
20:59 10-01-2021-INFO -com.bank.main.bankMain:Customer Menu
20:59 10-01-2021-INFO -com.bank.main.bankMain:--------------------------------------------
20:59 10-01-2021-INFO -com.bank.main.bankMain:1)New Customer Menu
20:59 10-01-2021-INFO -com.bank.main.bankMain:2)View Balance of specified account
20:59 10-01-2021-INFO -com.bank.main.bankMain:3)Withdraw
20:59 10-01-2021-INFO -com.bank.main.bankMain:4)Deposit
20:59 10-01-2021-INFO -com.bank.main.bankMain:5)Transfer Funds
20:59 10-01-2021-INFO -com.bank.main.bankMain:6)View Transactions
20:59 10-01-2021-INFO -com.bank.main.bankMain:7)Exit
20:59 10-01-2021-INFO -com.bank.main.bankMain:Customer Menu
20:59 10-01-2021-INFO -com.bank.main.bankMain:--------------------------------------------
20:59 10-01-2021-INFO -com.bank.main.bankMain:1)New Customer Menu
20:59 10-01-2021-INFO -com.bank.main.bankMain:2)View Balance of specified account
20:59 10-01-2021-INFO -com.bank.main.bankMain:3)Withdraw
20:59 10-01-2021-INFO -com.bank.main.bankMain:4)Deposit
20:59 10-01-2021-INFO -com.bank.main.bankMain:5)Transfer Funds
20:59 10-01-2021-INFO -com.bank.main.bankMain:6)View Transactions
20:59 10-01-2021-INFO -com.bank.main.bankMain:7)Exit
20:59 10-01-2021-INFO -com.bank.main.bankMain:Customer Menu
20:59 10-01-2021-INFO -com.bank.main.bankMain:--------------------------------------------
20:59 10-01-2021-INFO -com.bank.main.bankMain:1)New Customer Menu
20:59 10-01-2021-INFO -com.bank.main.bankMain:2)View Balance of specified account
20:59 10-01-2021-INFO -com.bank.main.bankMain:3)Withdraw
20:59 10-01-2021-INFO -com.bank.main.bankMain:4)Deposit
20:59 10-01-2021-INFO -com.bank.main.bankMain:5)Transfer Funds
20:59 10-01-2021-INFO -com.bank.main.bankMain:6)View Transactions
20:59 10-01-2021-INFO -com.bank.main.bankMain:7)Exit
21:06 10-01-2021-INFO -com.bank.main.bankMainFunctions:Welcome to Jason's Bank app V1.0
21:06 10-01-2021-INFO -com.bank.main.bankMainFunctions:Log In Menu
21:06 10-01-2021-INFO -com.bank.main.bankMainFunctions:---------------------------------------
21:06 10-01-2021-INFO -com.bank.main.bankMainFunctions:

21:06 10-01-2021-INFO -com.bank.main.bankMainFunctions:1) Log in as Employee
21:06 10-01-2021-INFO -com.bank.main.bankMainFunctions:2) Log in as Customer
21:06 10-01-2021-INFO -com.bank.main.bankMainFunctions:3) Exit bank app
21:07 10-01-2021-INFO -com.bank.main.bankMainFunctions:Welcome to Jason's Bank app V1.0
21:07 10-01-2021-INFO -com.bank.main.bankMainFunctions:Log In Menu
21:07 10-01-2021-INFO -com.bank.main.bankMainFunctions:---------------------------------------
21:07 10-01-2021-INFO -com.bank.main.bankMainFunctions:

21:07 10-01-2021-INFO -com.bank.main.bankMainFunctions:1) Log in as Employee
21:07 10-01-2021-INFO -com.bank.main.bankMainFunctions:2) Log in as Customer
21:07 10-01-2021-INFO -com.bank.main.bankMainFunctions:3) Exit bank app
21:07 10-01-2021-INFO -com.bank.main.bankMain:Exiting....Thank you for using jason's banking app.
21:07 10-01-2021-INFO -com.bank.main.bankMainFunctions:Welcome to Jason's Bank app V1.0
21:07 10-01-2021-INFO -com.bank.main.bankMainFunctions:Log In Menu
21:07 10-01-2021-INFO -com.bank.main.bankMainFunctions:---------------------------------------
21:07 10-01-2021-INFO -com.bank.main.bankMainFunctions:

21:07 10-01-2021-INFO -com.bank.main.bankMainFunctions:1) Log in as Employee
21:07 10-01-2021-INFO -com.bank.main.bankMainFunctions:2) Log in as Customer
21:07 10-01-2021-INFO -com.bank.main.bankMainFunctions:3) Exit bank app
21:07 10-01-2021-INFO -com.bank.main.bankMainFunctions:Please enter your username:
21:07 10-01-2021-INFO -com.bank.main.bankMainFunctions:Please enter your password:
21:07 10-01-2021-INFO -com.bank.main.bankMainFunctions:Successfully Logged In As Customer! 
21:07 10-01-2021-INFO -com.bank.main.bankMainFunctions:
21:07 10-01-2021-INFO -com.bank.main.bankMainFunctions:Your user ID is: 1001
21:07 10-01-2021-INFO -com.bank.main.bankMain:Customer Menu
21:07 10-01-2021-INFO -com.bank.main.bankMain:--------------------------------------------
21:07 10-01-2021-INFO -com.bank.main.bankMain:1)New Customer Menu
21:07 10-01-2021-INFO -com.bank.main.bankMain:2)View Balance of specified account
21:07 10-01-2021-INFO -com.bank.main.bankMain:3)Withdraw
21:07 10-01-2021-INFO -com.bank.main.bankMain:4)Deposit
21:07 10-01-2021-INFO -com.bank.main.bankMain:5)Transfer Funds
21:07 10-01-2021-INFO -com.bank.main.bankMain:6)View Transactions
21:07 10-01-2021-INFO -com.bank.main.bankMain:7)Exit
21:07 10-01-2021-INFO -com.bank.main.bankMain:6) Under construction
21:07 10-01-2021-INFO -com.bank.main.bankMain:Customer Menu
21:07 10-01-2021-INFO -com.bank.main.bankMain:--------------------------------------------
21:07 10-01-2021-INFO -com.bank.main.bankMain:1)New Customer Menu
21:07 10-01-2021-INFO -com.bank.main.bankMain:2)View Balance of specified account
21:07 10-01-2021-INFO -com.bank.main.bankMain:3)Withdraw
21:07 10-01-2021-INFO -com.bank.main.bankMain:4)Deposit
21:07 10-01-2021-INFO -com.bank.main.bankMain:5)Transfer Funds
21:07 10-01-2021-INFO -com.bank.main.bankMain:6)View Transactions
21:07 10-01-2021-INFO -com.bank.main.bankMain:7)Exit
21:07 10-01-2021-INFO -com.bank.main.bankMain:5) Under construction
21:07 10-01-2021-INFO -com.bank.main.bankMain:Customer Menu
21:07 10-01-2021-INFO -com.bank.main.bankMain:--------------------------------------------
21:07 10-01-2021-INFO -com.bank.main.bankMain:1)New Customer Menu
21:07 10-01-2021-INFO -com.bank.main.bankMain:2)View Balance of specified account
21:07 10-01-2021-INFO -com.bank.main.bankMain:3)Withdraw
21:07 10-01-2021-INFO -com.bank.main.bankMain:4)Deposit
21:07 10-01-2021-INFO -com.bank.main.bankMain:5)Transfer Funds
21:07 10-01-2021-INFO -com.bank.main.bankMain:6)View Transactions
21:07 10-01-2021-INFO -com.bank.main.bankMain:7)Exit
21:07 10-01-2021-INFO -com.bank.main.bankMain:4) Under construction
21:07 10-01-2021-INFO -com.bank.main.bankMain:Customer Menu
21:07 10-01-2021-INFO -com.bank.main.bankMain:--------------------------------------------
21:07 10-01-2021-INFO -com.bank.main.bankMain:1)New Customer Menu
21:07 10-01-2021-INFO -com.bank.main.bankMain:2)View Balance of specified account
21:07 10-01-2021-INFO -com.bank.main.bankMain:3)Withdraw
21:07 10-01-2021-INFO -com.bank.main.bankMain:4)Deposit
21:07 10-01-2021-INFO -com.bank.main.bankMain:5)Transfer Funds
21:07 10-01-2021-INFO -com.bank.main.bankMain:6)View Transactions
21:07 10-01-2021-INFO -com.bank.main.bankMain:7)Exit
21:07 10-01-2021-INFO -com.bank.main.bankMain:3) Under construction
21:07 10-01-2021-INFO -com.bank.main.bankMain:Customer Menu
21:07 10-01-2021-INFO -com.bank.main.bankMain:--------------------------------------------
21:07 10-01-2021-INFO -com.bank.main.bankMain:1)New Customer Menu
21:07 10-01-2021-INFO -com.bank.main.bankMain:2)View Balance of specified account
21:07 10-01-2021-INFO -com.bank.main.bankMain:3)Withdraw
21:07 10-01-2021-INFO -com.bank.main.bankMain:4)Deposit
21:07 10-01-2021-INFO -com.bank.main.bankMain:5)Transfer Funds
21:07 10-01-2021-INFO -com.bank.main.bankMain:6)View Transactions
21:07 10-01-2021-INFO -com.bank.main.bankMain:7)Exit
21:07 10-01-2021-INFO -com.bank.main.bankMain:2) Under construction
21:07 10-01-2021-INFO -com.bank.main.bankMain:Customer Menu
21:07 10-01-2021-INFO -com.bank.main.bankMain:--------------------------------------------
21:07 10-01-2021-INFO -com.bank.main.bankMain:1)New Customer Menu
21:07 10-01-2021-INFO -com.bank.main.bankMain:2)View Balance of specified account
21:07 10-01-2021-INFO -com.bank.main.bankMain:3)Withdraw
21:07 10-01-2021-INFO -com.bank.main.bankMain:4)Deposit
21:07 10-01-2021-INFO -com.bank.main.bankMain:5)Transfer Funds
21:07 10-01-2021-INFO -com.bank.main.bankMain:6)View Transactions
21:07 10-01-2021-INFO -com.bank.main.bankMain:7)Exit
21:07 10-01-2021-INFO -com.bank.main.bankMain:1) Under construction
21:07 10-01-2021-INFO -com.bank.main.bankMain:Customer Menu
21:07 10-01-2021-INFO -com.bank.main.bankMain:--------------------------------------------
21:07 10-01-2021-INFO -com.bank.main.bankMain:1)New Customer Menu
21:07 10-01-2021-INFO -com.bank.main.bankMain:2)View Balance of specified account
21:07 10-01-2021-INFO -com.bank.main.bankMain:3)Withdraw
21:07 10-01-2021-INFO -com.bank.main.bankMain:4)Deposit
21:07 10-01-2021-INFO -com.bank.main.bankMain:5)Transfer Funds
21:07 10-01-2021-INFO -com.bank.main.bankMain:6)View Transactions
21:07 10-01-2021-INFO -com.bank.main.bankMain:7)Exit
21:07 10-01-2021-INFO -com.bank.main.bankMain:Exiting....Thank you for using jason's banking app.
22:12 10-01-2021-INFO -com.bank.main.bankMainFunctions:Welcome to Jason's Bank app V1.0
22:12 10-01-2021-INFO -com.bank.main.bankMainFunctions:Log In Menu
22:12 10-01-2021-INFO -com.bank.main.bankMainFunctions:---------------------------------------
22:12 10-01-2021-INFO -com.bank.main.bankMainFunctions:

22:12 10-01-2021-INFO -com.bank.main.bankMainFunctions:1) Log in as Employee
22:12 10-01-2021-INFO -com.bank.main.bankMainFunctions:2) Log in as Customer
22:12 10-01-2021-INFO -com.bank.main.bankMainFunctions:3) Exit bank app
22:12 10-01-2021-INFO -com.bank.main.bankMainFunctions:Please enter your username:
22:12 10-01-2021-INFO -com.bank.main.bankMainFunctions:Please enter your password:
22:12 10-01-2021-INFO -com.bank.main.bankMainFunctions:Successfully Logged In As Customer! 
22:12 10-01-2021-INFO -com.bank.main.bankMainFunctions:
22:12 10-01-2021-INFO -com.bank.main.bankMainFunctions:Your user ID is: 1001
22:12 10-01-2021-INFO -com.bank.main.bankMain:Customer Menu
22:12 10-01-2021-INFO -com.bank.main.bankMain:--------------------------------------------
22:12 10-01-2021-INFO -com.bank.main.bankMain:1)New Customer Menu
22:12 10-01-2021-INFO -com.bank.main.bankMain:2)View Balance of specified account
22:12 10-01-2021-INFO -com.bank.main.bankMain:3)Withdraw
22:12 10-01-2021-INFO -com.bank.main.bankMain:4)Deposit
22:12 10-01-2021-INFO -com.bank.main.bankMain:5)Transfer Funds
22:12 10-01-2021-INFO -com.bank.main.bankMain:6)View Transactions
22:12 10-01-2021-INFO -com.bank.main.bankMain:7)Exit
22:13 10-01-2021-INFO -com.bank.main.bankMain:Enter a valid account number to view the balance 
22:13 10-01-2021-INFO -com.bank.main.bankMain:internal error occured contact sysadmin
22:13 10-01-2021-INFO -com.bank.main.bankMain:3) Under construction
22:13 10-01-2021-INFO -com.bank.main.bankMain:Customer Menu
22:13 10-01-2021-INFO -com.bank.main.bankMain:--------------------------------------------
22:13 10-01-2021-INFO -com.bank.main.bankMain:1)New Customer Menu
22:13 10-01-2021-INFO -com.bank.main.bankMain:2)View Balance of specified account
22:13 10-01-2021-INFO -com.bank.main.bankMain:3)Withdraw
22:13 10-01-2021-INFO -com.bank.main.bankMain:4)Deposit
22:13 10-01-2021-INFO -com.bank.main.bankMain:5)Transfer Funds
22:13 10-01-2021-INFO -com.bank.main.bankMain:6)View Transactions
22:13 10-01-2021-INFO -com.bank.main.bankMain:7)Exit
22:13 10-01-2021-INFO -com.bank.main.bankMain:Enter a valid account number to view the balance 
22:13 10-01-2021-INFO -com.bank.main.bankMain:internal error occured contact sysadmin
22:13 10-01-2021-INFO -com.bank.main.bankMain:3) Under construction
22:13 10-01-2021-INFO -com.bank.main.bankMain:Customer Menu
22:13 10-01-2021-INFO -com.bank.main.bankMain:--------------------------------------------
22:13 10-01-2021-INFO -com.bank.main.bankMain:1)New Customer Menu
22:13 10-01-2021-INFO -com.bank.main.bankMain:2)View Balance of specified account
22:13 10-01-2021-INFO -com.bank.main.bankMain:3)Withdraw
22:13 10-01-2021-INFO -com.bank.main.bankMain:4)Deposit
22:13 10-01-2021-INFO -com.bank.main.bankMain:5)Transfer Funds
22:13 10-01-2021-INFO -com.bank.main.bankMain:6)View Transactions
22:13 10-01-2021-INFO -com.bank.main.bankMain:7)Exit
22:16 10-01-2021-INFO -com.bank.main.bankMainFunctions:Welcome to Jason's Bank app V1.0
22:16 10-01-2021-INFO -com.bank.main.bankMainFunctions:Log In Menu
22:16 10-01-2021-INFO -com.bank.main.bankMainFunctions:---------------------------------------
22:16 10-01-2021-INFO -com.bank.main.bankMainFunctions:

22:16 10-01-2021-INFO -com.bank.main.bankMainFunctions:1) Log in as Employee
22:16 10-01-2021-INFO -com.bank.main.bankMainFunctions:2) Log in as Customer
22:16 10-01-2021-INFO -com.bank.main.bankMainFunctions:3) Exit bank app
22:16 10-01-2021-INFO -com.bank.main.bankMainFunctions:Please enter your username:
22:16 10-01-2021-INFO -com.bank.main.bankMainFunctions:Please enter your password:
22:16 10-01-2021-INFO -com.bank.main.bankMainFunctions:Successfully Logged In As Customer! 
22:16 10-01-2021-INFO -com.bank.main.bankMainFunctions:
22:16 10-01-2021-INFO -com.bank.main.bankMainFunctions:Your user ID is: 1001
22:16 10-01-2021-INFO -com.bank.main.bankMain:Customer Menu
22:16 10-01-2021-INFO -com.bank.main.bankMain:--------------------------------------------
22:16 10-01-2021-INFO -com.bank.main.bankMain:1)New Customer Menu
22:16 10-01-2021-INFO -com.bank.main.bankMain:2)View Balance of specified account
22:16 10-01-2021-INFO -com.bank.main.bankMain:3)Withdraw
22:16 10-01-2021-INFO -com.bank.main.bankMain:4)Deposit
22:16 10-01-2021-INFO -com.bank.main.bankMain:5)Transfer Funds
22:16 10-01-2021-INFO -com.bank.main.bankMain:6)View Transactions
22:16 10-01-2021-INFO -com.bank.main.bankMain:7)Exit
22:17 10-01-2021-INFO -com.bank.main.bankMain:Enter a valid account number to view the balance 
22:17 10-01-2021-INFO -com.bank.main.bankMain:internal error occured contact sysadmin
22:17 10-01-2021-INFO -com.bank.main.bankMain:3) Under construction
22:17 10-01-2021-INFO -com.bank.main.bankMain:Customer Menu
22:17 10-01-2021-INFO -com.bank.main.bankMain:--------------------------------------------
22:17 10-01-2021-INFO -com.bank.main.bankMain:1)New Customer Menu
22:17 10-01-2021-INFO -com.bank.main.bankMain:2)View Balance of specified account
22:17 10-01-2021-INFO -com.bank.main.bankMain:3)Withdraw
22:17 10-01-2021-INFO -com.bank.main.bankMain:4)Deposit
22:17 10-01-2021-INFO -com.bank.main.bankMain:5)Transfer Funds
22:17 10-01-2021-INFO -com.bank.main.bankMain:6)View Transactions
22:17 10-01-2021-INFO -com.bank.main.bankMain:7)Exit
22:17 10-01-2021-INFO -com.bank.main.bankMainFunctions:Welcome to Jason's Bank app V1.0
22:17 10-01-2021-INFO -com.bank.main.bankMainFunctions:Log In Menu
22:17 10-01-2021-INFO -com.bank.main.bankMainFunctions:---------------------------------------
22:17 10-01-2021-INFO -com.bank.main.bankMainFunctions:

22:17 10-01-2021-INFO -com.bank.main.bankMainFunctions:1) Log in as Employee
22:17 10-01-2021-INFO -com.bank.main.bankMainFunctions:2) Log in as Customer
22:17 10-01-2021-INFO -com.bank.main.bankMainFunctions:3) Exit bank app
22:17 10-01-2021-INFO -com.bank.main.bankMainFunctions:Please enter your username:
22:17 10-01-2021-INFO -com.bank.main.bankMainFunctions:Please enter your password:
22:18 10-01-2021-INFO -com.bank.main.bankMainFunctions:Successfully Logged In As Customer! 
22:18 10-01-2021-INFO -com.bank.main.bankMainFunctions:
22:18 10-01-2021-INFO -com.bank.main.bankMainFunctions:Your user ID is: 1001
22:18 10-01-2021-INFO -com.bank.main.bankMain:Customer Menu
22:18 10-01-2021-INFO -com.bank.main.bankMain:--------------------------------------------
22:18 10-01-2021-INFO -com.bank.main.bankMain:1)New Customer Menu
22:18 10-01-2021-INFO -com.bank.main.bankMain:2)View Balance of specified account
22:18 10-01-2021-INFO -com.bank.main.bankMain:3)Withdraw
22:18 10-01-2021-INFO -com.bank.main.bankMain:4)Deposit
22:18 10-01-2021-INFO -com.bank.main.bankMain:5)Transfer Funds
22:18 10-01-2021-INFO -com.bank.main.bankMain:6)View Transactions
22:18 10-01-2021-INFO -com.bank.main.bankMain:7)Exit
22:18 10-01-2021-INFO -com.bank.main.bankMain:Enter a valid account number to view the balance 
22:18 10-01-2021-INFO -com.bank.main.bankMain:internal error occured contact sysadmin
22:18 10-01-2021-INFO -com.bank.main.bankMain:3) Under construction
22:18 10-01-2021-INFO -com.bank.main.bankMain:Customer Menu
22:18 10-01-2021-INFO -com.bank.main.bankMain:--------------------------------------------
22:18 10-01-2021-INFO -com.bank.main.bankMain:1)New Customer Menu
22:18 10-01-2021-INFO -com.bank.main.bankMain:2)View Balance of specified account
22:18 10-01-2021-INFO -com.bank.main.bankMain:3)Withdraw
22:18 10-01-2021-INFO -com.bank.main.bankMain:4)Deposit
22:18 10-01-2021-INFO -com.bank.main.bankMain:5)Transfer Funds
22:18 10-01-2021-INFO -com.bank.main.bankMain:6)View Transactions
22:18 10-01-2021-INFO -com.bank.main.bankMain:7)Exit
22:20 10-01-2021-INFO -com.bank.main.bankMainFunctions:Welcome to Jason's Bank app V1.0
22:20 10-01-2021-INFO -com.bank.main.bankMainFunctions:Log In Menu
22:20 10-01-2021-INFO -com.bank.main.bankMainFunctions:---------------------------------------
22:20 10-01-2021-INFO -com.bank.main.bankMainFunctions:

22:20 10-01-2021-INFO -com.bank.main.bankMainFunctions:1) Log in as Employee
22:20 10-01-2021-INFO -com.bank.main.bankMainFunctions:2) Log in as Customer
22:20 10-01-2021-INFO -com.bank.main.bankMainFunctions:3) Exit bank app
22:20 10-01-2021-INFO -com.bank.main.bankMainFunctions:Please enter your username:
22:20 10-01-2021-INFO -com.bank.main.bankMainFunctions:Please enter your password:
22:20 10-01-2021-INFO -com.bank.main.bankMainFunctions:Successfully Logged In As Customer! 
22:20 10-01-2021-INFO -com.bank.main.bankMainFunctions:
22:20 10-01-2021-INFO -com.bank.main.bankMainFunctions:Your user ID is: 1001
22:20 10-01-2021-INFO -com.bank.main.bankMain:Customer Menu
22:20 10-01-2021-INFO -com.bank.main.bankMain:--------------------------------------------
22:20 10-01-2021-INFO -com.bank.main.bankMain:1)New Customer Menu
22:20 10-01-2021-INFO -com.bank.main.bankMain:2)View Balance of specified account
22:20 10-01-2021-INFO -com.bank.main.bankMain:3)Withdraw
22:20 10-01-2021-INFO -com.bank.main.bankMain:4)Deposit
22:20 10-01-2021-INFO -com.bank.main.bankMain:5)Transfer Funds
22:20 10-01-2021-INFO -com.bank.main.bankMain:6)View Transactions
22:20 10-01-2021-INFO -com.bank.main.bankMain:7)Exit
22:20 10-01-2021-INFO -com.bank.main.bankMain:Enter a valid account number to view the balance 
22:20 10-01-2021-INFO -com.bank.main.bankMain:internal error occured contact sysadmin
22:20 10-01-2021-INFO -com.bank.main.bankMain:3) Under construction
22:20 10-01-2021-INFO -com.bank.main.bankMain:Customer Menu
22:20 10-01-2021-INFO -com.bank.main.bankMain:--------------------------------------------
22:20 10-01-2021-INFO -com.bank.main.bankMain:1)New Customer Menu
22:20 10-01-2021-INFO -com.bank.main.bankMain:2)View Balance of specified account
22:20 10-01-2021-INFO -com.bank.main.bankMain:3)Withdraw
22:20 10-01-2021-INFO -com.bank.main.bankMain:4)Deposit
22:20 10-01-2021-INFO -com.bank.main.bankMain:5)Transfer Funds
22:20 10-01-2021-INFO -com.bank.main.bankMain:6)View Transactions
22:20 10-01-2021-INFO -com.bank.main.bankMain:7)Exit
22:20 10-01-2021-INFO -com.bank.main.bankMain:Enter a valid account number to get all their transactions: 
22:20 10-01-2021-INFO -com.bank.main.bankMain:There are 4 transactions with this account nummber in the database. Printing their details now.
22:20 10-01-2021-INFO -com.bank.main.bankMain:
22:20 10-01-2021-INFO -com.bank.main.bankMain:Transaction [transaction_type=deposit, amount=12.0, account_number=100000000, date=2021-01-07]
22:20 10-01-2021-INFO -com.bank.main.bankMain:Transaction [transaction_type=deposit, amount=100.0, account_number=100000000, date=2021-01-07]
22:20 10-01-2021-INFO -com.bank.main.bankMain:Transaction [transaction_type=deposit, amount=56.76, account_number=100000000, date=2021-01-07]
22:20 10-01-2021-INFO -com.bank.main.bankMain:Transaction [transaction_type=deposit, amount=345.89, account_number=100000000, date=2021-01-07]
22:20 10-01-2021-INFO -com.bank.main.bankMain:Customer Menu
22:20 10-01-2021-INFO -com.bank.main.bankMain:--------------------------------------------
22:20 10-01-2021-INFO -com.bank.main.bankMain:1)New Customer Menu
22:20 10-01-2021-INFO -com.bank.main.bankMain:2)View Balance of specified account
22:20 10-01-2021-INFO -com.bank.main.bankMain:3)Withdraw
22:20 10-01-2021-INFO -com.bank.main.bankMain:4)Deposit
22:20 10-01-2021-INFO -com.bank.main.bankMain:5)Transfer Funds
22:20 10-01-2021-INFO -com.bank.main.bankMain:6)View Transactions
22:20 10-01-2021-INFO -com.bank.main.bankMain:7)Exit
22:23 10-01-2021-INFO -com.bank.main.bankMainFunctions:Welcome to Jason's Bank app V1.0
22:23 10-01-2021-INFO -com.bank.main.bankMainFunctions:Log In Menu
22:23 10-01-2021-INFO -com.bank.main.bankMainFunctions:---------------------------------------
22:23 10-01-2021-INFO -com.bank.main.bankMainFunctions:

22:23 10-01-2021-INFO -com.bank.main.bankMainFunctions:1) Log in as Employee
22:23 10-01-2021-INFO -com.bank.main.bankMainFunctions:2) Log in as Customer
22:23 10-01-2021-INFO -com.bank.main.bankMainFunctions:3) Exit bank app
22:23 10-01-2021-INFO -com.bank.main.bankMainFunctions:Please enter your username:
22:24 10-01-2021-INFO -com.bank.main.bankMainFunctions:Please enter your password:
22:24 10-01-2021-INFO -com.bank.main.bankMainFunctions:Successfully Logged In As Customer! 
22:24 10-01-2021-INFO -com.bank.main.bankMainFunctions:
22:24 10-01-2021-INFO -com.bank.main.bankMainFunctions:Your user ID is: 1001
22:24 10-01-2021-INFO -com.bank.main.bankMain:Customer Menu
22:24 10-01-2021-INFO -com.bank.main.bankMain:--------------------------------------------
22:24 10-01-2021-INFO -com.bank.main.bankMain:1)New Customer Menu
22:24 10-01-2021-INFO -com.bank.main.bankMain:2)View Balance of specified account
22:24 10-01-2021-INFO -com.bank.main.bankMain:3)Withdraw
22:24 10-01-2021-INFO -com.bank.main.bankMain:4)Deposit
22:24 10-01-2021-INFO -com.bank.main.bankMain:5)Transfer Funds
22:24 10-01-2021-INFO -com.bank.main.bankMain:6)View Transactions
22:24 10-01-2021-INFO -com.bank.main.bankMain:7)Exit
22:24 10-01-2021-INFO -com.bank.main.bankMain:Enter a valid account number to view the balance 
22:24 10-01-2021-INFO -com.bank.main.bankMain:internal error occured contact sysadmin
22:24 10-01-2021-INFO -com.bank.main.bankMain:3) Under construction
22:24 10-01-2021-INFO -com.bank.main.bankMain:Customer Menu
22:24 10-01-2021-INFO -com.bank.main.bankMain:--------------------------------------------
22:24 10-01-2021-INFO -com.bank.main.bankMain:1)New Customer Menu
22:24 10-01-2021-INFO -com.bank.main.bankMain:2)View Balance of specified account
22:24 10-01-2021-INFO -com.bank.main.bankMain:3)Withdraw
22:24 10-01-2021-INFO -com.bank.main.bankMain:4)Deposit
22:24 10-01-2021-INFO -com.bank.main.bankMain:5)Transfer Funds
22:24 10-01-2021-INFO -com.bank.main.bankMain:6)View Transactions
22:24 10-01-2021-INFO -com.bank.main.bankMain:7)Exit
22:24 10-01-2021-INFO -com.bank.main.bankMainFunctions:Welcome to Jason's Bank app V1.0
22:24 10-01-2021-INFO -com.bank.main.bankMainFunctions:Log In Menu
22:24 10-01-2021-INFO -com.bank.main.bankMainFunctions:---------------------------------------
22:24 10-01-2021-INFO -com.bank.main.bankMainFunctions:

22:24 10-01-2021-INFO -com.bank.main.bankMainFunctions:1) Log in as Employee
22:24 10-01-2021-INFO -com.bank.main.bankMainFunctions:2) Log in as Customer
22:24 10-01-2021-INFO -com.bank.main.bankMainFunctions:3) Exit bank app
22:24 10-01-2021-INFO -com.bank.main.bankMainFunctions:Please enter your username:
22:24 10-01-2021-INFO -com.bank.main.bankMainFunctions:Please enter your password:
22:24 10-01-2021-INFO -com.bank.main.bankMainFunctions:com.bank.exception.BusinessException: No combination of inputted username and password found
22:24 10-01-2021-INFO -com.bank.main.bankMainFunctions:Please enter your username:
22:24 10-01-2021-INFO -com.bank.main.bankMainFunctions:Please enter your password:
22:24 10-01-2021-INFO -com.bank.main.bankMainFunctions:Successfully Logged In As Customer! 
22:24 10-01-2021-INFO -com.bank.main.bankMainFunctions:
22:24 10-01-2021-INFO -com.bank.main.bankMainFunctions:Your user ID is: 1001
22:24 10-01-2021-INFO -com.bank.main.bankMainFunctions:Please enter your username:
22:25 10-01-2021-INFO -com.bank.main.bankMainFunctions:Please enter your password:
22:25 10-01-2021-INFO -com.bank.main.bankMainFunctions:Successfully Logged In As Customer! 
22:25 10-01-2021-INFO -com.bank.main.bankMainFunctions:
22:25 10-01-2021-INFO -com.bank.main.bankMainFunctions:Your user ID is: 1001
22:25 10-01-2021-INFO -com.bank.main.bankMain:Customer Menu
22:25 10-01-2021-INFO -com.bank.main.bankMain:--------------------------------------------
22:25 10-01-2021-INFO -com.bank.main.bankMain:1)New Customer Menu
22:25 10-01-2021-INFO -com.bank.main.bankMain:2)View Balance of specified account
22:25 10-01-2021-INFO -com.bank.main.bankMain:3)Withdraw
22:25 10-01-2021-INFO -com.bank.main.bankMain:4)Deposit
22:25 10-01-2021-INFO -com.bank.main.bankMain:5)Transfer Funds
22:25 10-01-2021-INFO -com.bank.main.bankMain:6)View Transactions
22:25 10-01-2021-INFO -com.bank.main.bankMain:7)Exit
22:25 10-01-2021-INFO -com.bank.main.bankMain:Enter a valid account number to view the balance 
22:25 10-01-2021-INFO -com.bank.main.bankMain:There are 1 transactions with this account nummber in the database. Printing their details now.
22:25 10-01-2021-INFO -com.bank.main.bankMain:
22:25 10-01-2021-INFO -com.bank.main.bankMain:Account [user_id=0, balance=10000.45, account_type=savings, account_number=100000000]
22:25 10-01-2021-INFO -com.bank.main.bankMain:3) Under construction
22:25 10-01-2021-INFO -com.bank.main.bankMain:Customer Menu
22:25 10-01-2021-INFO -com.bank.main.bankMain:--------------------------------------------
22:25 10-01-2021-INFO -com.bank.main.bankMain:1)New Customer Menu
22:25 10-01-2021-INFO -com.bank.main.bankMain:2)View Balance of specified account
22:25 10-01-2021-INFO -com.bank.main.bankMain:3)Withdraw
22:25 10-01-2021-INFO -com.bank.main.bankMain:4)Deposit
22:25 10-01-2021-INFO -com.bank.main.bankMain:5)Transfer Funds
22:25 10-01-2021-INFO -com.bank.main.bankMain:6)View Transactions
22:25 10-01-2021-INFO -com.bank.main.bankMain:7)Exit
22:26 10-01-2021-INFO -com.bank.main.bankMainFunctions:Welcome to Jason's Bank app V1.0
22:26 10-01-2021-INFO -com.bank.main.bankMainFunctions:Log In Menu
22:26 10-01-2021-INFO -com.bank.main.bankMainFunctions:---------------------------------------
22:26 10-01-2021-INFO -com.bank.main.bankMainFunctions:

22:26 10-01-2021-INFO -com.bank.main.bankMainFunctions:1) Log in as Employee
22:26 10-01-2021-INFO -com.bank.main.bankMainFunctions:2) Log in as Customer
22:26 10-01-2021-INFO -com.bank.main.bankMainFunctions:3) Exit bank app
22:26 10-01-2021-INFO -com.bank.main.bankMainFunctions:Please enter your username:
22:26 10-01-2021-INFO -com.bank.main.bankMainFunctions:Please enter your password:
22:26 10-01-2021-INFO -com.bank.main.bankMainFunctions:Successfully Logged In As Customer! 
22:26 10-01-2021-INFO -com.bank.main.bankMainFunctions:
22:26 10-01-2021-INFO -com.bank.main.bankMainFunctions:Your user ID is: 1001
22:26 10-01-2021-INFO -com.bank.main.bankMain:Customer Menu
22:26 10-01-2021-INFO -com.bank.main.bankMain:--------------------------------------------
22:26 10-01-2021-INFO -com.bank.main.bankMain:1)New Customer Menu
22:26 10-01-2021-INFO -com.bank.main.bankMain:2)View Balance of specified account
22:26 10-01-2021-INFO -com.bank.main.bankMain:3)Withdraw
22:26 10-01-2021-INFO -com.bank.main.bankMain:4)Deposit
22:26 10-01-2021-INFO -com.bank.main.bankMain:5)Transfer Funds
22:26 10-01-2021-INFO -com.bank.main.bankMain:6)View Transactions
22:26 10-01-2021-INFO -com.bank.main.bankMain:7)Exit
22:26 10-01-2021-INFO -com.bank.main.bankMain:Enter a valid account number to view the balance 
22:26 10-01-2021-INFO -com.bank.main.bankMain:There are 1 transactions with this account nummber in the database. Printing their details now.
22:26 10-01-2021-INFO -com.bank.main.bankMain:
22:26 10-01-2021-INFO -com.bank.main.bankMain:Account [user_id=1001, balance=10000.45, account_type=savings, account_number=100000000]
22:26 10-01-2021-INFO -com.bank.main.bankMain:3) Under construction
22:26 10-01-2021-INFO -com.bank.main.bankMain:Customer Menu
22:26 10-01-2021-INFO -com.bank.main.bankMain:--------------------------------------------
22:26 10-01-2021-INFO -com.bank.main.bankMain:1)New Customer Menu
22:26 10-01-2021-INFO -com.bank.main.bankMain:2)View Balance of specified account
22:26 10-01-2021-INFO -com.bank.main.bankMain:3)Withdraw
22:26 10-01-2021-INFO -com.bank.main.bankMain:4)Deposit
22:26 10-01-2021-INFO -com.bank.main.bankMain:5)Transfer Funds
22:26 10-01-2021-INFO -com.bank.main.bankMain:6)View Transactions
22:26 10-01-2021-INFO -com.bank.main.bankMain:7)Exit
22:26 10-01-2021-INFO -com.bank.main.bankMain:Exiting....Thank you for using jason's banking app.
